0 info it worked if it ends with ok
1 verbose cli [ 'node',
1 verbose cli   '/usr/local/bin/npm',
1 verbose cli   'install',
1 verbose cli   'https://github.com/twilson63/express-coffee.git' ]
2 info using npm@1.1.65
3 info using node@v0.8.14
4 verbose read json /Users/adamkochanowicz/cloud/vhosts/kickstrap/package.json
5 verbose read json /Users/adamkochanowicz/cloud/vhosts/kickstrap/node_modules/angular.js/package.json
6 verbose read json /Users/adamkochanowicz/cloud/vhosts/kickstrap/node_modules/grunt/package.json
7 verbose read json /Users/adamkochanowicz/cloud/vhosts/kickstrap/node_modules/grunt-contrib-coffee/package.json
8 verbose read json /Users/adamkochanowicz/cloud/vhosts/kickstrap/node_modules/grunt-contrib-jade/package.json
9 verbose read json /Users/adamkochanowicz/cloud/vhosts/kickstrap/node_modules/grunt-contrib-jshint/package.json
10 verbose read json /Users/adamkochanowicz/cloud/vhosts/kickstrap/node_modules/grunt-contrib-less/package.json
11 verbose read json /Users/adamkochanowicz/cloud/vhosts/kickstrap/node_modules/grunt-contrib-nodeunit/package.json
12 verbose read json /Users/adamkochanowicz/cloud/vhosts/kickstrap/node_modules/grunt-contrib-uglify/package.json
13 verbose from cache /Users/adamkochanowicz/cloud/vhosts/kickstrap/package.json
14 verbose readDependencies using package.json deps
15 verbose cache add [ 'https://github.com/twilson63/express-coffee.git', null ]
16 silly cache add name=undefined spec="https://github.com/twilson63/express-coffee.git" args=["https://github.com/twilson63/express-coffee.git",null]
17 verbose parsed url { protocol: 'https:',
17 verbose parsed url   slashes: true,
17 verbose parsed url   host: 'github.com',
17 verbose parsed url   hostname: 'github.com',
17 verbose parsed url   href: 'https://github.com/twilson63/express-coffee.git',
17 verbose parsed url   pathname: '/twilson63/express-coffee.git',
17 verbose parsed url   path: '/twilson63/express-coffee.git' }
18 silly lockFile 12d36432-com-twilson63-express-coffee-git https://github.com/twilson63/express-coffee.git
19 verbose lock https://github.com/twilson63/express-coffee.git /Users/adamkochanowicz/.npm/12d36432-com-twilson63-express-coffee-git.lock
20 verbose addRemoteTarball [ 'https://github.com/twilson63/express-coffee.git', null ]
21 info retry fetch attempt 1 at 10:49:35
22 verbose fetch to= /var/folders/tz/564831hx2l7g_q5lmr23554w0000gn/T/npm-25133/1376664575297-0.8459431538358331/tmp.tgz
23 http GET https://github.com/twilson63/express-coffee.git
24 error fetch failed https://github.com/twilson63/express-coffee.git
25 info retry will retry, error on last attempt: Error: getaddrinfo ENOENT
26 info retry fetch attempt 2 at 10:49:46
27 verbose fetch to= /var/folders/tz/564831hx2l7g_q5lmr23554w0000gn/T/npm-25133/1376664575297-0.8459431538358331/tmp.tgz
28 http GET https://github.com/twilson63/express-coffee.git
29 error fetch failed https://github.com/twilson63/express-coffee.git
30 info retry will retry, error on last attempt: Error: getaddrinfo ENOENT
31 info retry fetch attempt 3 at 10:50:46
32 verbose fetch to= /var/folders/tz/564831hx2l7g_q5lmr23554w0000gn/T/npm-25133/1376664575297-0.8459431538358331/tmp.tgz
33 http GET https://github.com/twilson63/express-coffee.git
34 error fetch failed https://github.com/twilson63/express-coffee.git
35 silly lockFile 12d36432-com-twilson63-express-coffee-git https://github.com/twilson63/express-coffee.git
36 error Error: getaddrinfo ENOENT
36 error     at errnoException (dns.js:31:11)
36 error     at Object.onanswer [as oncomplete] (dns.js:123:16)
37 error If you need help, you may report this log at:
37 error     <http://github.com/isaacs/npm/issues>
37 error or email it to:
37 error     <npm-@googlegroups.com>
38 error System Darwin 12.4.0
39 error command "node" "/usr/local/bin/npm" "install" "https://github.com/twilson63/express-coffee.git"
40 error cwd /Users/adamkochanowicz/cloud/vhosts/kickstrap
41 error node -v v0.8.14
42 error npm -v 1.1.65
43 error syscall getaddrinfo
44 error code ENOTFOUND
45 error errno ENOTFOUND
46 verbose exit [ 1, true ]
